Performing C SOURCE FILE Test CMAKE_HAVE_LIBC_PTHREAD failed with the following output:
Change Dir: /home/xcy/catkin_ws2/src/pointcloud/cmake-build-debug/CMakeFiles/CMakeTmp

Run Build Command(s):/usr/bin/make cmTC_542ca/fast && /usr/bin/make  -f CMakeFiles/cmTC_542ca.dir/build.make CMakeFiles/cmTC_542ca.dir/build
make[1]: 进入目录“/home/xcy/catkin_ws2/src/pointcloud/cmake-build-debug/CMakeFiles/CMakeTmp”
Building C object CMakeFiles/cmTC_542ca.dir/src.c.o
/usr/bin/cc   -DCMAKE_HAVE_LIBC_PTHREAD   -o CMakeFiles/cmTC_542ca.dir/src.c.o   -c /home/xcy/catkin_ws2/src/pointcloud/cmake-build-debug/CMakeFiles/CMakeTmp/src.c
Linking C executable cmTC_542ca
/home/xcy/clion-2020.3.2/bin/cmake/linux/bin/cmake -E cmake_link_script CMakeFiles/cmTC_542ca.dir/link.txt --verbose=1
/usr/bin/cc  -DCMAKE_HAVE_LIBC_PTHREAD    -rdynamic CMakeFiles/cmTC_542ca.dir/src.c.o  -o cmTC_542ca 
CMakeFiles/cmTC_542ca.dir/src.c.o：在函数‘main’中：
src.c:(.text+0x3e)：对‘pthread_create’未定义的引用
src.c:(.text+0x4a)：对‘pthread_detach’未定义的引用
src.c:(.text+0x56)：对‘pthread_cancel’未定义的引用
src.c:(.text+0x67)：对‘pthread_join’未定义的引用
src.c:(.text+0x7b)：对‘pthread_atfork’未定义的引用
collect2: error: ld returned 1 exit status
CMakeFiles/cmTC_542ca.dir/build.make:106: recipe for target 'cmTC_542ca' failed
make[1]: *** [cmTC_542ca] Error 1
make[1]: 离开目录“/home/xcy/catkin_ws2/src/pointcloud/cmake-build-debug/CMakeFiles/CMakeTmp”
Makefile:141: recipe for target 'cmTC_542ca/fast' failed
make: *** [cmTC_542ca/fast] Error 2


Source file was:
#include <pthread.h>

void* test_func(void* data)
{
  return data;
}

int main(void)
{
  pthread_t thread;
  pthread_create(&thread, NULL, test_func, NULL);
  pthread_detach(thread);
  pthread_cancel(thread);
  pthread_join(thread, NULL);
  pthread_atfork(NULL, NULL, NULL);
  pthread_exit(NULL);

  return 0;
}

Determining if the function pthread_create exists in the pthreads failed with the following output:
Change Dir: /home/xcy/catkin_ws2/src/pointcloud/cmake-build-debug/CMakeFiles/CMakeTmp

Run Build Command(s):/usr/bin/make cmTC_2f21e/fast && /usr/bin/make  -f CMakeFiles/cmTC_2f21e.dir/build.make CMakeFiles/cmTC_2f21e.dir/build
make[1]: 进入目录“/home/xcy/catkin_ws2/src/pointcloud/cmake-build-debug/CMakeFiles/CMakeTmp”
Building C object CMakeFiles/cmTC_2f21e.dir/CheckFunctionExists.c.o
/usr/bin/cc   -DCHECK_FUNCTION_EXISTS=pthread_create   -o CMakeFiles/cmTC_2f21e.dir/CheckFunctionExists.c.o   -c /home/xcy/clion-2020.3.2/bin/cmake/linux/share/cmake-3.17/Modules/CheckFunctionExists.c
Linking C executable cmTC_2f21e
/home/xcy/clion-2020.3.2/bin/cmake/linux/bin/cmake -E cmake_link_script CMakeFiles/cmTC_2f21e.dir/link.txt --verbose=1
/usr/bin/cc  -DCHECK_FUNCTION_EXISTS=pthread_create    -rdynamic CMakeFiles/cmTC_2f21e.dir/CheckFunctionExists.c.o  -o cmTC_2f21e  -lpthreads 
/usr/bin/ld: 找不到 -lpthreads
collect2: error: ld returned 1 exit status
CMakeFiles/cmTC_2f21e.dir/build.make:106: recipe for target 'cmTC_2f21e' failed
make[1]: *** [cmTC_2f21e] Error 1
make[1]: 离开目录“/home/xcy/catkin_ws2/src/pointcloud/cmake-build-debug/CMakeFiles/CMakeTmp”
Makefile:141: recipe for target 'cmTC_2f21e/fast' failed
make: *** [cmTC_2f21e/fast] Error 2



